<?xml version="1.0"?>
<!DOCTYPE coverage SYSTEM "http://cobertura.sourceforge.net/xml/coverage-04.dtd">

<coverage line-rate="0.9338842975206612" branch-rate="0.6428571428571429" lines-covered="113" lines-valid="121" branches-covered="54" branches-valid="84" complexity="5.416666666666667" version="2.0.3" timestamp="1565044840370">
	<sources>
		<source>/tmp/jdatauri/target/generated-sources/annotations</source>
		<source>--source</source>
		<source>/tmp/jdatauri/src/main/java</source>
	</sources>
	<packages>
		<package name="com.github.ooxi.jdatauri" line-rate="0.9338842975206612" branch-rate="0.6428571428571429" complexity="5.416666666666667">
			<classes>
				<class name="com.github.ooxi.jdatauri.DataUri" filename="com/github/ooxi/jdatauri/DataUri.java" line-rate="0.9279279279279279" branch-rate="0.6341463414634146" complexity="5.416666666666667">
					<methods>
						<method name="&lt;clinit&gt;" signature="()V" line-rate="1.0" branch-rate="1.0">
							<lines>
								<line number="448" hits="2" branch="false"/>
							</lines>
						</method>
						<method name="&lt;init&gt;" signature="(Ljava/lang/String;Ljava/nio/charset/Charset;Ljava/lang/String;Ljava/lang/String;[B)V" line-rate="1.0" branch-rate="1.0">
							<lines>
								<line number="63" hits="44" branch="false"/>
								<line number="64" hits="44" branch="false"/>
								<line number="65" hits="44" branch="false"/>
								<line number="66" hits="44" branch="false"/>
								<line number="67" hits="44" branch="false"/>
								<line number="68" hits="44" branch="false"/>
								<line number="70" hits="44" branch="true" condition-coverage="100% (2/2)">
									<conditions>
										<condition number="0" type="jump" coverage="100%"/>
									</conditions>
								</line>
								<line number="71" hits="2" branch="false"/>
								<line number="73" hits="42" branch="true" condition-coverage="100% (2/2)">
									<conditions>
										<condition number="0" type="jump" coverage="100%"/>
									</conditions>
								</line>
								<line number="74" hits="2" branch="false"/>
								<line number="76" hits="40" branch="false"/>
							</lines>
						</method>
						<method name="&lt;init&gt;" signature="(Ljava/lang/String;Ljava/nio/charset/Charset;[B)V" line-rate="1.0" branch-rate="1.0">
							<lines>
								<line number="60" hits="14" branch="false"/>
								<line number="61" hits="10" branch="false"/>
							</lines>
						</method>
						<method name="equals" signature="(Ljava/lang/Object;)Z" line-rate="0.625" branch-rate="0.36666666666666664">
							<lines>
								<line number="124" hits="4" branch="true" condition-coverage="50% (1/2)">
									<conditions>
										<condition number="0" type="jump" coverage="50%"/>
									</conditions>
								</line>
								<line number="125" hits="0" branch="false"/>
								<line number="127" hits="4" branch="true" condition-coverage="50% (1/2)">
									<conditions>
										<condition number="0" type="jump" coverage="50%"/>
									</conditions>
								</line>
								<line number="128" hits="0" branch="false"/>
								<line number="130" hits="4" branch="false"/>
								<line number="131" hits="4" branch="true" condition-coverage="33% (2/6)">
									<conditions>
										<condition number="0" type="jump" coverage="50%"/>
										<condition number="1" type="jump" coverage="0%"/>
										<condition number="2" type="jump" coverage="50%"/>
									</conditions>
								</line>
								<line number="132" hits="0" branch="false"/>
								<line number="134" hits="4" branch="true" condition-coverage="16% (1/6)">
									<conditions>
										<condition number="0" type="jump" coverage="50%"/>
										<condition number="1" type="jump" coverage="0%"/>
										<condition number="2" type="jump" coverage="0%"/>
									</conditions>
								</line>
								<line number="135" hits="0" branch="false"/>
								<line number="137" hits="4" branch="true" condition-coverage="33% (2/6)">
									<conditions>
										<condition number="0" type="jump" coverage="50%"/>
										<condition number="1" type="jump" coverage="50%"/>
										<condition number="2" type="jump" coverage="0%"/>
									</conditions>
								</line>
								<line number="138" hits="0" branch="false"/>
								<line number="140" hits="4" branch="true" condition-coverage="33% (2/6)">
									<conditions>
										<condition number="0" type="jump" coverage="50%"/>
										<condition number="1" type="jump" coverage="50%"/>
										<condition number="2" type="jump" coverage="0%"/>
									</conditions>
								</line>
								<line number="141" hits="0" branch="false"/>
								<line number="143" hits="4" branch="true" condition-coverage="100% (2/2)">
									<conditions>
										<condition number="0" type="jump" coverage="100%"/>
									</conditions>
								</line>
								<line number="144" hits="2" branch="false"/>
								<line number="146" hits="2" branch="false"/>
							</lines>
						</method>
						<method name="getCharset" signature="()Ljava/nio/charset/Charset;" line-rate="1.0" branch-rate="1.0">
							<lines>
								<line number="88" hits="14" branch="false"/>
							</lines>
						</method>
						<method name="getContentDisposition" signature="()Ljava/lang/String;" line-rate="1.0" branch-rate="1.0">
							<lines>
								<line number="102" hits="10" branch="false"/>
							</lines>
						</method>
						<method name="getData" signature="()[B" line-rate="1.0" branch-rate="1.0">
							<lines>
								<line number="106" hits="28" branch="false"/>
							</lines>
						</method>
						<method name="getFilename" signature="()Ljava/lang/String;" line-rate="1.0" branch-rate="1.0">
							<lines>
								<line number="95" hits="10" branch="false"/>
							</lines>
						</method>
						<method name="getMime" signature="()Ljava/lang/String;" line-rate="1.0" branch-rate="1.0">
							<lines>
								<line number="81" hits="26" branch="false"/>
							</lines>
						</method>
						<method name="hashCode" signature="()I" line-rate="1.0" branch-rate="0.5">
							<lines>
								<line number="113" hits="8" branch="false"/>
								<line number="114" hits="8" branch="true" condition-coverage="50% (1/2)">
									<conditions>
										<condition number="0" type="jump" coverage="50%"/>
									</conditions>
								</line>
								<line number="115" hits="8" branch="true" condition-coverage="50% (1/2)">
									<conditions>
										<condition number="0" type="jump" coverage="50%"/>
									</conditions>
								</line>
								<line number="116" hits="8" branch="true" condition-coverage="50% (1/2)">
									<conditions>
										<condition number="0" type="jump" coverage="50%"/>
									</conditions>
								</line>
								<line number="117" hits="8" branch="true" condition-coverage="50% (1/2)">
									<conditions>
										<condition number="0" type="jump" coverage="50%"/>
									</conditions>
								</line>
								<line number="118" hits="8" branch="false"/>
								<line number="119" hits="8" branch="false"/>
							</lines>
						</method>
						<method name="parse" signature="(Ljava/lang/String;Ljava/nio/charset/Charset;)Lcom/github/ooxi/jdatauri/DataUri;" line-rate="1.0" branch-rate="0.7941176470588235">
							<lines>
								<line number="167" hits="32" branch="true" condition-coverage="100% (2/2)">
									<conditions>
										<condition number="0" type="jump" coverage="100%"/>
									</conditions>
								</line>
								<line number="168" hits="2" branch="false"/>
								<line number="174" hits="30" branch="true" condition-coverage="100% (2/2)">
									<conditions>
										<condition number="0" type="jump" coverage="100%"/>
									</conditions>
								</line>
								<line number="175" hits="2" branch="false"/>
								<line number="182" hits="28" branch="false"/>
								<line number="188" hits="28" branch="false"/>
								<line number="192" hits="28" branch="false"/>
								<line number="197" hits="28" branch="false"/>
								<line number="205" hits="28" branch="false"/>
								<line number="215" hits="28" branch="false"/>
								<line number="223" hits="28" branch="false"/>
								<line number="229" hits="28" branch="false"/>
								<line number="234" hits="28" branch="false"/>
								<line number="238" hits="106" branch="true" condition-coverage="100% (2/2)">
									<conditions>
										<condition number="0" type="jump" coverage="100%"/>
									</conditions>
								</line>
								<line number="239" hits="78" branch="false"/>
								<line number="243" hits="78" branch="false"/>
								<line number="248" hits="78" branch="false"/>
								<line number="253" hits="78" branch="false"/>
								<line number="257" hits="78" branch="true" condition-coverage="100% (2/2)">
									<conditions>
										<condition number="0" type="jump" coverage="100%"/>
									</conditions>
								</line>
								<line number="262" hits="52" branch="false"/>
								<line number="267" hits="52" branch="false"/>
								<line number="277" hits="26" branch="false"/>
								<line number="282" hits="26" branch="false"/>
								<line number="287" hits="26" branch="false"/>
								<line number="292" hits="26" branch="false"/>
								<line number="297" hits="26" branch="false"/>
								<line number="302" hits="26" branch="false"/>
								<line number="309" hits="78" branch="true" condition-coverage="66% (4/6)">
									<conditions>
										<condition number="0" type="jump" coverage="100%"/>
										<condition number="1" type="jump" coverage="50%"/>
										<condition number="2" type="jump" coverage="50%"/>
									</conditions>
								</line>
								<line number="313" hits="28" branch="false"/>
								<line number="321" hits="50" branch="true" condition-coverage="100% (2/2)">
									<conditions>
										<condition number="0" type="jump" coverage="100%"/>
									</conditions>
								</line>
								<line number="326" hits="24" branch="false"/>
								<line number="328" hits="24" branch="true" condition-coverage="50% (1/2)">
									<conditions>
										<condition number="0" type="jump" coverage="50%"/>
									</conditions>
								</line>
								<line number="333" hits="24" branch="true" condition-coverage="50% (1/2)">
									<conditions>
										<condition number="0" type="jump" coverage="50%"/>
									</conditions>
								</line>
								<line number="338" hits="24" branch="false"/>
								<line number="343" hits="24" branch="false"/>
								<line number="349" hits="24" branch="false"/>
								<line number="355" hits="26" branch="false"/>
								<line number="357" hits="26" branch="true" condition-coverage="50% (2/4)">
									<conditions>
										<condition number="0" type="jump" coverage="50%"/>
										<condition number="1" type="jump" coverage="50%"/>
									</conditions>
								</line>
								<line number="365" hits="26" branch="false"/>
								<line number="367" hits="26" branch="true" condition-coverage="50% (1/2)">
									<conditions>
										<condition number="0" type="jump" coverage="50%"/>
									</conditions>
								</line>
								<line number="375" hits="26" branch="false"/>
								<line number="383" hits="26" branch="false"/>
								<line number="394" hits="28" branch="false"/>
								<line number="398" hits="28" branch="false"/>
								<line number="403" hits="28" branch="false"/>
								<line number="404" hits="28" branch="true" condition-coverage="100% (2/2)">
									<conditions>
										<condition number="0" type="jump" coverage="100%"/>
									</conditions>
								</line>
								<line number="405" hits="10" branch="false"/>
								<line number="406" hits="28" branch="true" condition-coverage="100% (2/2)">
									<conditions>
										<condition number="0" type="jump" coverage="100%"/>
									</conditions>
								</line>
								<line number="407" hits="8" branch="false"/>
								<line number="408" hits="28" branch="true" condition-coverage="100% (2/2)">
									<conditions>
										<condition number="0" type="jump" coverage="100%"/>
									</conditions>
								</line>
								<line number="409" hits="8" branch="false"/>
								<line number="410" hits="28" branch="true" condition-coverage="100% (2/2)">
									<conditions>
										<condition number="0" type="jump" coverage="100%"/>
									</conditions>
								</line>
								<line number="411" hits="24" branch="false"/>
								<line number="413" hits="28" branch="false"/>
								<line number="423" hits="28" branch="false"/>
							</lines>
						</method>
						<method name="percentDecode" signature="(Ljava/lang/String;Ljava/nio/charset/Charset;)Ljava/lang/String;" line-rate="0.5" branch-rate="1.0">
							<lines>
								<line number="456" hits="132" branch="false"/>
								<line number="458" hits="132" branch="false"/>
								<line number="459" hits="0" branch="false"/>
								<line number="460" hits="0" branch="false"/>
							</lines>
						</method>
						<method name="toString" signature="()Ljava/lang/String;" line-rate="1.0" branch-rate="1.0">
							<lines>
								<line number="428" hits="14" branch="false"/>
								<line number="429" hits="14" branch="false"/>
								<line number="431" hits="14" branch="true" condition-coverage="100% (2/2)">
									<conditions>
										<condition number="0" type="jump" coverage="100%"/>
									</conditions>
								</line>
								<line number="432" hits="4" branch="false"/>
								<line number="435" hits="14" branch="true" condition-coverage="100% (2/2)">
									<conditions>
										<condition number="0" type="jump" coverage="100%"/>
									</conditions>
								</line>
								<line number="436" hits="6" branch="false"/>
								<line number="439" hits="14" branch="true" condition-coverage="100% (2/2)">
									<conditions>
										<condition number="0" type="jump" coverage="100%"/>
									</conditions>
								</line>
								<line number="440" hits="6" branch="false"/>
								<line number="443" hits="14" branch="false"/>
								<line number="445" hits="14" branch="false"/>
							</lines>
						</method>
					</methods>
					<lines>
						<line number="60" hits="14" branch="false"/>
						<line number="61" hits="10" branch="false"/>
						<line number="63" hits="44" branch="false"/>
						<line number="64" hits="44" branch="false"/>
						<line number="65" hits="44" branch="false"/>
						<line number="66" hits="44" branch="false"/>
						<line number="67" hits="44" branch="false"/>
						<line number="68" hits="44" branch="false"/>
						<line number="70" hits="44" branch="true" condition-coverage="100% (2/2)">
							<conditions>
								<condition number="0" type="jump" coverage="100%"/>
							</conditions>
						</line>
						<line number="71" hits="2" branch="false"/>
						<line number="73" hits="42" branch="true" condition-coverage="100% (2/2)">
							<conditions>
								<condition number="0" type="jump" coverage="100%"/>
							</conditions>
						</line>
						<line number="74" hits="2" branch="false"/>
						<line number="76" hits="40" branch="false"/>
						<line number="81" hits="26" branch="false"/>
						<line number="88" hits="14" branch="false"/>
						<line number="95" hits="10" branch="false"/>
						<line number="102" hits="10" branch="false"/>
						<line number="106" hits="28" branch="false"/>
						<line number="113" hits="8" branch="false"/>
						<line number="114" hits="8" branch="true" condition-coverage="50% (1/2)">
							<conditions>
								<condition number="0" type="jump" coverage="50%"/>
							</conditions>
						</line>
						<line number="115" hits="8" branch="true" condition-coverage="50% (1/2)">
							<conditions>
								<condition number="0" type="jump" coverage="50%"/>
							</conditions>
						</line>
						<line number="116" hits="8" branch="true" condition-coverage="50% (1/2)">
							<conditions>
								<condition number="0" type="jump" coverage="50%"/>
							</conditions>
						</line>
						<line number="117" hits="8" branch="true" condition-coverage="50% (1/2)">
							<conditions>
								<condition number="0" type="jump" coverage="50%"/>
							</conditions>
						</line>
						<line number="118" hits="8" branch="false"/>
						<line number="119" hits="8" branch="false"/>
						<line number="124" hits="4" branch="true" condition-coverage="50% (1/2)">
							<conditions>
								<condition number="0" type="jump" coverage="50%"/>
							</conditions>
						</line>
						<line number="125" hits="0" branch="false"/>
						<line number="127" hits="4" branch="true" condition-coverage="50% (1/2)">
							<conditions>
								<condition number="0" type="jump" coverage="50%"/>
							</conditions>
						</line>
						<line number="128" hits="0" branch="false"/>
						<line number="130" hits="4" branch="false"/>
						<line number="131" hits="4" branch="true" condition-coverage="33% (2/6)">
							<conditions>
								<condition number="0" type="jump" coverage="50%"/>
								<condition number="1" type="jump" coverage="0%"/>
								<condition number="2" type="jump" coverage="50%"/>
							</conditions>
						</line>
						<line number="132" hits="0" branch="false"/>
						<line number="134" hits="4" branch="true" condition-coverage="16% (1/6)">
							<conditions>
								<condition number="0" type="jump" coverage="50%"/>
								<condition number="1" type="jump" coverage="0%"/>
								<condition number="2" type="jump" coverage="0%"/>
							</conditions>
						</line>
						<line number="135" hits="0" branch="false"/>
						<line number="137" hits="4" branch="true" condition-coverage="33% (2/6)">
							<conditions>
								<condition number="0" type="jump" coverage="50%"/>
								<condition number="1" type="jump" coverage="50%"/>
								<condition number="2" type="jump" coverage="0%"/>
							</conditions>
						</line>
						<line number="138" hits="0" branch="false"/>
						<line number="140" hits="4" branch="true" condition-coverage="33% (2/6)">
							<conditions>
								<condition number="0" type="jump" coverage="50%"/>
								<condition number="1" type="jump" coverage="50%"/>
								<condition number="2" type="jump" coverage="0%"/>
							</conditions>
						</line>
						<line number="141" hits="0" branch="false"/>
						<line number="143" hits="4" branch="true" condition-coverage="100% (2/2)">
							<conditions>
								<condition number="0" type="jump" coverage="100%"/>
							</conditions>
						</line>
						<line number="144" hits="2" branch="false"/>
						<line number="146" hits="2" branch="false"/>
						<line number="167" hits="32" branch="true" condition-coverage="100% (2/2)">
							<conditions>
								<condition number="0" type="jump" coverage="100%"/>
							</conditions>
						</line>
						<line number="168" hits="2" branch="false"/>
						<line number="174" hits="30" branch="true" condition-coverage="100% (2/2)">
							<conditions>
								<condition number="0" type="jump" coverage="100%"/>
							</conditions>
						</line>
						<line number="175" hits="2" branch="false"/>
						<line number="182" hits="28" branch="false"/>
						<line number="188" hits="28" branch="false"/>
						<line number="192" hits="28" branch="false"/>
						<line number="197" hits="28" branch="false"/>
						<line number="205" hits="28" branch="false"/>
						<line number="215" hits="28" branch="false"/>
						<line number="223" hits="28" branch="false"/>
						<line number="229" hits="28" branch="false"/>
						<line number="234" hits="28" branch="false"/>
						<line number="238" hits="106" branch="true" condition-coverage="100% (2/2)">
							<conditions>
								<condition number="0" type="jump" coverage="100%"/>
							</conditions>
						</line>
						<line number="239" hits="78" branch="false"/>
						<line number="243" hits="78" branch="false"/>
						<line number="248" hits="78" branch="false"/>
						<line number="253" hits="78" branch="false"/>
						<line number="257" hits="78" branch="true" condition-coverage="100% (2/2)">
							<conditions>
								<condition number="0" type="jump" coverage="100%"/>
							</conditions>
						</line>
						<line number="262" hits="52" branch="false"/>
						<line number="267" hits="52" branch="false"/>
						<line number="277" hits="26" branch="false"/>
						<line number="282" hits="26" branch="false"/>
						<line number="287" hits="26" branch="false"/>
						<line number="292" hits="26" branch="false"/>
						<line number="297" hits="26" branch="false"/>
						<line number="302" hits="26" branch="false"/>
						<line number="309" hits="78" branch="true" condition-coverage="66% (4/6)">
							<conditions>
								<condition number="0" type="jump" coverage="100%"/>
								<condition number="1" type="jump" coverage="50%"/>
								<condition number="2" type="jump" coverage="50%"/>
							</conditions>
						</line>
						<line number="313" hits="28" branch="false"/>
						<line number="321" hits="50" branch="true" condition-coverage="100% (2/2)">
							<conditions>
								<condition number="0" type="jump" coverage="100%"/>
							</conditions>
						</line>
						<line number="326" hits="24" branch="false"/>
						<line number="328" hits="24" branch="true" condition-coverage="50% (1/2)">
							<conditions>
								<condition number="0" type="jump" coverage="50%"/>
							</conditions>
						</line>
						<line number="333" hits="24" branch="true" condition-coverage="50% (1/2)">
							<conditions>
								<condition number="0" type="jump" coverage="50%"/>
							</conditions>
						</line>
						<line number="338" hits="24" branch="false"/>
						<line number="343" hits="24" branch="false"/>
						<line number="349" hits="24" branch="false"/>
						<line number="355" hits="26" branch="false"/>
						<line number="357" hits="26" branch="true" condition-coverage="50% (2/4)">
							<conditions>
								<condition number="0" type="jump" coverage="50%"/>
								<condition number="1" type="jump" coverage="50%"/>
							</conditions>
						</line>
						<line number="365" hits="26" branch="false"/>
						<line number="367" hits="26" branch="true" condition-coverage="50% (1/2)">
							<conditions>
								<condition number="0" type="jump" coverage="50%"/>
							</conditions>
						</line>
						<line number="375" hits="26" branch="false"/>
						<line number="383" hits="26" branch="false"/>
						<line number="394" hits="28" branch="false"/>
						<line number="398" hits="28" branch="false"/>
						<line number="403" hits="28" branch="false"/>
						<line number="404" hits="28" branch="true" condition-coverage="100% (2/2)">
							<conditions>
								<condition number="0" type="jump" coverage="100%"/>
							</conditions>
						</line>
						<line number="405" hits="10" branch="false"/>
						<line number="406" hits="28" branch="true" condition-coverage="100% (2/2)">
							<conditions>
								<condition number="0" type="jump" coverage="100%"/>
							</conditions>
						</line>
						<line number="407" hits="8" branch="false"/>
						<line number="408" hits="28" branch="true" condition-coverage="100% (2/2)">
							<conditions>
								<condition number="0" type="jump" coverage="100%"/>
							</conditions>
						</line>
						<line number="409" hits="8" branch="false"/>
						<line number="410" hits="28" branch="true" condition-coverage="100% (2/2)">
							<conditions>
								<condition number="0" type="jump" coverage="100%"/>
							</conditions>
						</line>
						<line number="411" hits="24" branch="false"/>
						<line number="413" hits="28" branch="false"/>
						<line number="423" hits="28" branch="false"/>
						<line number="428" hits="14" branch="false"/>
						<line number="429" hits="14" branch="false"/>
						<line number="431" hits="14" branch="true" condition-coverage="100% (2/2)">
							<conditions>
								<condition number="0" type="jump" coverage="100%"/>
							</conditions>
						</line>
						<line number="432" hits="4" branch="false"/>
						<line number="435" hits="14" branch="true" condition-coverage="100% (2/2)">
							<conditions>
								<condition number="0" type="jump" coverage="100%"/>
							</conditions>
						</line>
						<line number="436" hits="6" branch="false"/>
						<line number="439" hits="14" branch="true" condition-coverage="100% (2/2)">
							<conditions>
								<condition number="0" type="jump" coverage="100%"/>
							</conditions>
						</line>
						<line number="440" hits="6" branch="false"/>
						<line number="443" hits="14" branch="false"/>
						<line number="445" hits="14" branch="false"/>
						<line number="448" hits="2" branch="false"/>
						<line number="456" hits="132" branch="false"/>
						<line number="458" hits="132" branch="false"/>
						<line number="459" hits="0" branch="false"/>
						<line number="460" hits="0" branch="false"/>
					</lines>
				</class>
				<class name="com.github.ooxi.jdatauri.DataUri$1" filename="com/github/ooxi/jdatauri/DataUri.java" line-rate="1.0" branch-rate="1.0" complexity="5.416666666666667">
					<methods>
						<method name="&lt;init&gt;" signature="()V" line-rate="1.0" branch-rate="1.0">
							<lines>
								<line number="205" hits="28" branch="false"/>
								<line number="206" hits="28" branch="false"/>
								<line number="207" hits="28" branch="false"/>
								<line number="208" hits="28" branch="false"/>
								<line number="209" hits="28" branch="false"/>
							</lines>
						</method>
					</methods>
					<lines>
						<line number="205" hits="28" branch="false"/>
						<line number="206" hits="28" branch="false"/>
						<line number="207" hits="28" branch="false"/>
						<line number="208" hits="28" branch="false"/>
						<line number="209" hits="28" branch="false"/>
					</lines>
				</class>
				<class name="com.github.ooxi.jdatauri.DataUri$2" filename="com/github/ooxi/jdatauri/DataUri.java" line-rate="1.0" branch-rate="1.0" complexity="5.416666666666667">
					<methods>
						<method name="&lt;init&gt;" signature="(Ljava/util/Map;)V" line-rate="1.0" branch-rate="1.0">
							<lines>
								<line number="215" hits="28" branch="false"/>
								<line number="216" hits="28" branch="true" condition-coverage="100% (2/2)">
									<conditions>
										<condition number="0" type="jump" coverage="100%"/>
									</conditions>
								</line>
								<line number="217" hits="84" branch="false"/>
								<line number="218" hits="84" branch="false"/>
								<line number="219" hits="28" branch="false"/>
							</lines>
						</method>
					</methods>
					<lines>
						<line number="215" hits="28" branch="false"/>
						<line number="216" hits="28" branch="true" condition-coverage="100% (2/2)">
							<conditions>
								<condition number="0" type="jump" coverage="100%"/>
							</conditions>
						</line>
						<line number="217" hits="84" branch="false"/>
						<line number="218" hits="84" branch="false"/>
						<line number="219" hits="28" branch="false"/>
					</lines>
				</class>
			</classes>
		</package>
	</packages>
</coverage>
